<?xml version="1.0" encoding="UTF-8"?>
<!-- Generated by org.testng.reporters.JUnitReportReporter -->
<testsuite skipped="0" hostname="admin1-LIVA-Z2V" name="com.bridgelabz.kdd.tests.LoginTest" tests="1" failures="0" timestamp="08 Jan 2020 06:56:22 GMT" time="15.448" errors="0">
  <testcase name="loginTest" time="15.448" classname="com.bridgelabz.kdd.tests.LoginTest"/>
</testsuite> <!-- com.bridgelabz.kdd.tests.LoginTest -->
